<?xml version="1.0" encoding="UTF-8"?>
<!-- Generated by org.testng.reporters.JUnitXMLReporter -->
<testsuite hostname="ADMINRG-MKE61HL" ignored="3" name="CarLoan" tests="2" failures="0" timestamp="13 Aug 2020 12:00:18 GMT" time="0.055" errors="0">
  <testcase name="webLoginCarLoan" time="0.008" classname="TestNg_Tutorial.Test3"/>
  <testcase name="loginAPICarLoan" time="0.003" classname="TestNg_Tutorial.Test3"/>
  <testcase name="mobileLoginCarLoan" time="0.0" classname="TestNg_Tutorial.Test3">
    <ignored/>
  </testcase> <!-- mobileLoginCarLoan -->
  <testcase name="mobilesignOutLoan" time="0.0" classname="TestNg_Tutorial.Test3">
    <ignored/>
  </testcase> <!-- mobilesignOutLoan -->
  <testcase name="mobilesignInLoan" time="0.0" classname="TestNg_Tutorial.Test3">
    <ignored/>
  </testcase> <!-- mobilesignInLoan -->
</testsuite> <!-- CarLoan -->
