<?xml version="1.0" encoding="UTF-8"?>
<!-- Generated by org.testng.reporters.JUnitXMLReporter -->
<testsuite hostname="ADMINRG-MKE61HL" ignored="7" name="Loan" tests="4" failures="0" timestamp="12 Aug 2020 20:07:32 GMT" time="0.054" errors="0">
  <testcase name="demo" time="0.018" classname="TestNg_Tutorial.Test1"/>
  <testcase name="Third" time="0.001" classname="TestNg_Tutorial.Test2"/>
  <testcase name="webLoginCarLoan" time="0.003" classname="TestNg_Tutorial.Test3"/>
  <testcase name="loginAPIHomeLoan" time="0.002" classname="TestNg_Tutorial.Test4"/>
  <testcase name="secondMethod" time="0.0" classname="TestNg_Tutorial.Test1">
    <ignored/>
  </testcase> <!-- secondMethod -->
  <testcase name="loginAPICarLoan" time="0.0" classname="TestNg_Tutorial.Test3">
    <ignored/>
  </testcase> <!-- loginAPICarLoan -->
  <testcase name="mobileLoginCarLoan" time="0.0" classname="TestNg_Tutorial.Test3">
    <ignored/>
  </testcase> <!-- mobileLoginCarLoan -->
  <testcase name="mobileLoginHomeLoan" time="0.0" classname="TestNg_Tutorial.Test4">
    <ignored/>
  </testcase> <!-- mobileLoginHomeLoan -->
  <testcase name="mobilesignOutLoan" time="0.0" classname="TestNg_Tutorial.Test3">
    <ignored/>
  </testcase> <!-- mobilesignOutLoan -->
  <testcase name="webLoginHomeLoan" time="0.0" classname="TestNg_Tutorial.Test4">
    <ignored/>
  </testcase> <!-- webLoginHomeLoan -->
  <testcase name="mobilesignInLoan" time="0.0" classname="TestNg_Tutorial.Test3">
    <ignored/>
  </testcase> <!-- mobilesignInLoan -->
</testsuite> <!-- Loan -->
