<?xml version="1.0" encoding="UTF-8"?>
<!-- Generated by org.testng.reporters.JUnitXMLReporter -->
<testsuite hostname="ADMINRG-MKE61HL" ignored="0" name="Test" tests="3" failures="0" timestamp="12 Aug 2020 10:55:15 GMT" time="0.109" errors="0">
  <testcase name="demo" time="0.023" classname="TestNg_Tutorial.Test1"/>
  <testcase name="secondMethod" time="0.001" classname="TestNg_Tutorial.Test1"/>
  <testcase name="Third" time="0.002" classname="TestNg_Tutorial.Test2"/>
</testsuite> <!-- Test -->
